2019-05-09 00:21:58.4843|INFO|ProjectManager.Utils.LoggingUtility|Operation Result Format: JSON
Request ID: 80000007-0002-fb00-b63f-84710c7967bb
Method: GET
URL: http://localhost:50830/api/user
Controller : ProjectManager.Controllers.UserController
Action : GetUser
Action Parameters : System.Web.Http.Tracing.ITraceWriterExtensions+<>c__DisplayClass14_0

2019-05-09 00:21:58.4963|INFO|ProjectManager.Utils.LoggingUtility|Operation Result Format: JSON
Request ID: 80000007-0002-fb00-b63f-84710c7967bb
Method: GET
URL: http://localhost:50830/api/user
Controller : ProjectManager.Controllers.UserController
Action : GetUser
Action Parameters : System.Web.Http.Tracing.ITraceWriterExtensions+<>c__DisplayClass14_0

2019-05-09 00:22:08.8098|INFO|ProjectManager.Utils.LoggingUtility|Operation Result Format: JSON
Request ID: 80000009-0002-fb00-b63f-84710c7967bb
Method: POST
URL: http://localhost:50830/api/user/delete
Controller : ProjectManager.Controllers.UserController
Action : DeleteUserDetails
Action Parameters : System.Web.Http.Tracing.ITraceWriterExtensions+<>c__DisplayClass14_0

2019-05-09 00:22:08.8638|INFO|ProjectManager.Utils.LoggingUtility|Operation Result Format: JSON
Request ID: 8000000a-0002-fb00-b63f-84710c7967bb
Method: GET
URL: http://localhost:50830/api/user
Controller : ProjectManager.Controllers.UserController
Action : GetUser
Action Parameters : System.Web.Http.Tracing.ITraceWriterExtensions+<>c__DisplayClass14_0

2019-05-09 00:22:08.8638|INFO|ProjectManager.Utils.LoggingUtility|Operation Result Format: JSON
Request ID: 8000000a-0002-fb00-b63f-84710c7967bb
Method: GET
URL: http://localhost:50830/api/user
Controller : ProjectManager.Controllers.UserController
Action : GetUser
Action Parameters : System.Web.Http.Tracing.ITraceWriterExtensions+<>c__DisplayClass14_0

2019-05-09 00:22:23.8049|INFO|ProjectManager.Utils.LoggingUtility|Operation Result Format: JSON
Request ID: 8000000c-0002-fb00-b63f-84710c7967bb
Method: POST
URL: http://localhost:50830/api/user/add
Controller : ProjectManager.Controllers.UserController
Action : InsertUserDetails
Action Parameters : System.Web.Http.Tracing.ITraceWriterExtensions+<>c__DisplayClass14_0

2019-05-09 00:22:23.8049|INFO|ProjectManager.Utils.LoggingUtility|Operation Result Format: JSON
Request ID: 8000000c-0002-fb00-b63f-84710c7967bb
Method: POST
URL: http://localhost:50830/api/user/add
Controller : ProjectManager.Controllers.UserController
Action : InsertUserDetails
Action Parameters : System.Web.Http.Tracing.ITraceWriterExtensions+<>c__DisplayClass14_0

2019-05-09 00:22:23.9008|INFO|ProjectManager.Utils.LoggingUtility|Operation Result Format: JSON
Request ID: 8000000d-0002-fb00-b63f-84710c7967bb
Method: GET
URL: http://localhost:50830/api/user
Controller : ProjectManager.Controllers.UserController
Action : GetUser
Action Parameters : System.Web.Http.Tracing.ITraceWriterExtensions+<>c__DisplayClass14_0

2019-05-09 00:22:23.9008|INFO|ProjectManager.Utils.LoggingUtility|Operation Result Format: JSON
Request ID: 8000000d-0002-fb00-b63f-84710c7967bb
Method: GET
URL: http://localhost:50830/api/user
Controller : ProjectManager.Controllers.UserController
Action : GetUser
Action Parameters : System.Web.Http.Tracing.ITraceWriterExtensions+<>c__DisplayClass14_0

2019-05-09 00:22:33.4131|INFO|ProjectManager.Utils.LoggingUtility|Operation Result Format: JSON
Request ID: 8000000e-0002-fb00-b63f-84710c7967bb
Method: GET
URL: http://localhost:50830/api/user
Controller : ProjectManager.Controllers.UserController
Action : GetUser
Action Parameters : System.Web.Http.Tracing.ITraceWriterExtensions+<>c__DisplayClass14_0

2019-05-09 00:22:33.4131|INFO|ProjectManager.Utils.LoggingUtility|Operation Result Format: JSON
Request ID: 8000000e-0002-fb00-b63f-84710c7967bb
Method: GET
URL: http://localhost:50830/api/user
Controller : ProjectManager.Controllers.UserController
Action : GetUser
Action Parameters : System.Web.Http.Tracing.ITraceWriterExtensions+<>c__DisplayClass14_0

2019-05-09 00:22:33.4471|INFO|ProjectManager.Utils.LoggingUtility|Operation Result Format: JSON
Request ID: 80000005-0003-ff00-b63f-84710c7967bb
Method: GET
URL: http://localhost:50830/api/project
Controller : ProjectManager.Controllers.ProjectController
Action : RetrieveProjects
Action Parameters : System.Web.Http.Tracing.ITraceWriterExtensions+<>c__DisplayClass14_0

2019-05-09 00:22:33.4471|INFO|ProjectManager.Utils.LoggingUtility|Operation Result Format: JSON
Request ID: 80000005-0003-ff00-b63f-84710c7967bb
Method: GET
URL: http://localhost:50830/api/project
Controller : ProjectManager.Controllers.ProjectController
Action : RetrieveProjects
Action Parameters : System.Web.Http.Tracing.ITraceWriterExtensions+<>c__DisplayClass14_0

2019-05-09 00:22:58.9821|INFO|ProjectManager.Utils.LoggingUtility|Operation Result Format: JSON
Request ID: 80000007-0003-ff00-b63f-84710c7967bb
Method: POST
URL: http://localhost:50830/api/project/add
Controller : ProjectManager.Controllers.ProjectController
Action : InsertProjectDetails
Action Parameters : System.Web.Http.Tracing.ITraceWriterExtensions+<>c__DisplayClass14_0

2019-05-09 00:22:58.9821|INFO|ProjectManager.Utils.LoggingUtility|Operation Result Format: JSON
Request ID: 80000007-0003-ff00-b63f-84710c7967bb
Method: POST
URL: http://localhost:50830/api/project/add
Controller : ProjectManager.Controllers.ProjectController
Action : InsertProjectDetails
Action Parameters : System.Web.Http.Tracing.ITraceWriterExtensions+<>c__DisplayClass14_0

2019-05-09 00:22:59.0911|INFO|ProjectManager.Utils.LoggingUtility|Operation Result Format: JSON
Request ID: 80000008-0003-ff00-b63f-84710c7967bb
Method: GET
URL: http://localhost:50830/api/user
Controller : ProjectManager.Controllers.UserController
Action : GetUser
Action Parameters : System.Web.Http.Tracing.ITraceWriterExtensions+<>c__DisplayClass14_0

2019-05-09 00:22:59.0911|INFO|ProjectManager.Utils.LoggingUtility|Operation Result Format: JSON
Request ID: 80000008-0003-ff00-b63f-84710c7967bb
Method: GET
URL: http://localhost:50830/api/user
Controller : ProjectManager.Controllers.UserController
Action : GetUser
Action Parameters : System.Web.Http.Tracing.ITraceWriterExtensions+<>c__DisplayClass14_0

2019-05-09 00:22:59.0911|INFO|ProjectManager.Utils.LoggingUtility|Operation Result Format: JSON
Request ID: 8000000f-0002-fb00-b63f-84710c7967bb
Method: GET
URL: http://localhost:50830/api/project
Controller : ProjectManager.Controllers.ProjectController
Action : RetrieveProjects
Action Parameters : System.Web.Http.Tracing.ITraceWriterExtensions+<>c__DisplayClass14_0

2019-05-09 00:22:59.1041|INFO|ProjectManager.Utils.LoggingUtility|Operation Result Format: JSON
Request ID: 8000000f-0002-fb00-b63f-84710c7967bb
Method: GET
URL: http://localhost:50830/api/project
Controller : ProjectManager.Controllers.ProjectController
Action : RetrieveProjects
Action Parameters : System.Web.Http.Tracing.ITraceWriterExtensions+<>c__DisplayClass14_0

2019-05-09 00:23:09.6784|INFO|ProjectManager.Utils.LoggingUtility|Operation Result Format: JSON
Request ID: 80000010-0002-fb00-b63f-84710c7967bb
Method: GET
URL: http://localhost:50830/api/project
Controller : ProjectManager.Controllers.ProjectController
Action : RetrieveProjects
Action Parameters : System.Web.Http.Tracing.ITraceWriterExtensions+<>c__DisplayClass14_0

2019-05-09 00:23:09.6784|INFO|ProjectManager.Utils.LoggingUtility|Operation Result Format: JSON
Request ID: 80000010-0002-fb00-b63f-84710c7967bb
Method: GET
URL: http://localhost:50830/api/project
Controller : ProjectManager.Controllers.ProjectController
Action : RetrieveProjects
Action Parameters : System.Web.Http.Tracing.ITraceWriterExtensions+<>c__DisplayClass14_0

2019-05-09 00:23:30.2472|INFO|ProjectManager.Utils.LoggingUtility|Operation Result Format: JSON
Request ID: 80000011-0002-fb00-b63f-84710c7967bb
Method: GET
URL: http://localhost:50830/api/task/parent
Controller : ProjectManager.Controllers.TaskController
Action : RetrieveParentTasks
Action Parameters : System.Web.Http.Tracing.ITraceWriterExtensions+<>c__DisplayClass14_0

2019-05-09 00:23:30.2532|INFO|ProjectManager.Utils.LoggingUtility|Operation Result Format: JSON
Request ID: 80000011-0002-fb00-b63f-84710c7967bb
Method: GET
URL: http://localhost:50830/api/task/parent
Controller : ProjectManager.Controllers.TaskController
Action : RetrieveParentTasks
Action Parameters : System.Web.Http.Tracing.ITraceWriterExtensions+<>c__DisplayClass14_0

2019-05-09 00:23:38.9665|INFO|ProjectManager.Utils.LoggingUtility|Operation Result Format: JSON
Request ID: 80000012-0002-fb00-b63f-84710c7967bb
Method: GET
URL: http://localhost:50830/api/user
Controller : ProjectManager.Controllers.UserController
Action : GetUser
Action Parameters : System.Web.Http.Tracing.ITraceWriterExtensions+<>c__DisplayClass14_0

2019-05-09 00:23:38.9665|INFO|ProjectManager.Utils.LoggingUtility|Operation Result Format: JSON
Request ID: 80000012-0002-fb00-b63f-84710c7967bb
Method: GET
URL: http://localhost:50830/api/user
Controller : ProjectManager.Controllers.UserController
Action : GetUser
Action Parameters : System.Web.Http.Tracing.ITraceWriterExtensions+<>c__DisplayClass14_0

2019-05-09 00:23:53.0915|INFO|ProjectManager.Utils.LoggingUtility|Operation Result Format: JSON
Request ID: 80000013-0002-fb00-b63f-84710c7967bb
Method: GET
URL: http://localhost:50830/api/project
Controller : ProjectManager.Controllers.ProjectController
Action : RetrieveProjects
Action Parameters : System.Web.Http.Tracing.ITraceWriterExtensions+<>c__DisplayClass14_0

2019-05-09 00:23:53.0915|INFO|ProjectManager.Utils.LoggingUtility|Operation Result Format: JSON
Request ID: 80000013-0002-fb00-b63f-84710c7967bb
Method: GET
URL: http://localhost:50830/api/project
Controller : ProjectManager.Controllers.ProjectController
Action : RetrieveProjects
Action Parameters : System.Web.Http.Tracing.ITraceWriterExtensions+<>c__DisplayClass14_0

2019-05-09 00:23:58.6839|INFO|ProjectManager.Utils.LoggingUtility|Operation Result Format: JSON
Request ID: 80000014-0002-fb00-b63f-84710c7967bb
Method: GET
URL: http://localhost:50830/api/task?projectId=1003
Controller : ProjectManager.Controllers.TaskController
Action : RetrieveTaskByProjectId
Action Parameters : System.Web.Http.Tracing.ITraceWriterExtensions+<>c__DisplayClass14_0

2019-05-09 00:23:58.6839|INFO|ProjectManager.Utils.LoggingUtility|Operation Result Format: JSON
Request ID: 80000014-0002-fb00-b63f-84710c7967bb
Method: GET
URL: http://localhost:50830/api/task?projectId=1003
Controller : ProjectManager.Controllers.TaskController
Action : RetrieveTaskByProjectId
Action Parameters : System.Web.Http.Tracing.ITraceWriterExtensions+<>c__DisplayClass14_0

2019-05-09 00:24:13.3252|INFO|ProjectManager.Utils.LoggingUtility|Operation Result Format: JSON
Request ID: 80000015-0002-fb00-b63f-84710c7967bb
Method: GET
URL: http://localhost:50830/api/project
Controller : ProjectManager.Controllers.ProjectController
Action : RetrieveProjects
Action Parameters : System.Web.Http.Tracing.ITraceWriterExtensions+<>c__DisplayClass14_0

2019-05-09 00:24:13.3252|INFO|ProjectManager.Utils.LoggingUtility|Operation Result Format: JSON
Request ID: 80000015-0002-fb00-b63f-84710c7967bb
Method: GET
URL: http://localhost:50830/api/project
Controller : ProjectManager.Controllers.ProjectController
Action : RetrieveProjects
Action Parameters : System.Web.Http.Tracing.ITraceWriterExtensions+<>c__DisplayClass14_0

2019-05-09 00:24:32.0125|INFO|ProjectManager.Utils.LoggingUtility|Operation Result Format: JSON
Request ID: 80000016-0002-fb00-b63f-84710c7967bb
Method: GET
URL: http://localhost:50830/api/user
Controller : ProjectManager.Controllers.UserController
Action : GetUser
Action Parameters : System.Web.Http.Tracing.ITraceWriterExtensions+<>c__DisplayClass14_0

2019-05-09 00:24:32.0125|INFO|ProjectManager.Utils.LoggingUtility|Operation Result Format: JSON
Request ID: 80000016-0002-fb00-b63f-84710c7967bb
Method: GET
URL: http://localhost:50830/api/user
Controller : ProjectManager.Controllers.UserController
Action : GetUser
Action Parameters : System.Web.Http.Tracing.ITraceWriterExtensions+<>c__DisplayClass14_0

2019-05-09 00:24:55.4297|INFO|ProjectManager.Utils.LoggingUtility|Operation Result Format: JSON
Request ID: 80000018-0002-fb00-b63f-84710c7967bb
Method: POST
URL: http://localhost:50830/api/task/add
Controller : ProjectManager.Controllers.TaskController
Action : InsertTaskDetails
Action Parameters : System.Web.Http.Tracing.ITraceWriterExtensions+<>c__DisplayClass14_0

2019-05-09 00:24:55.4297|INFO|ProjectManager.Utils.LoggingUtility|Operation Result Format: JSON
Request ID: 80000018-0002-fb00-b63f-84710c7967bb
Method: POST
URL: http://localhost:50830/api/task/add
Controller : ProjectManager.Controllers.TaskController
Action : InsertTaskDetails
Action Parameters : System.Web.Http.Tracing.ITraceWriterExtensions+<>c__DisplayClass14_0

2019-05-09 00:25:01.3696|INFO|ProjectManager.Utils.LoggingUtility|Operation Result Format: JSON
Request ID: 80000019-0002-fb00-b63f-84710c7967bb
Method: GET
URL: http://localhost:50830/api/project
Controller : ProjectManager.Controllers.ProjectController
Action : RetrieveProjects
Action Parameters : System.Web.Http.Tracing.ITraceWriterExtensions+<>c__DisplayClass14_0

2019-05-09 00:25:01.3696|INFO|ProjectManager.Utils.LoggingUtility|Operation Result Format: JSON
Request ID: 80000019-0002-fb00-b63f-84710c7967bb
Method: GET
URL: http://localhost:50830/api/project
Controller : ProjectManager.Controllers.ProjectController
Action : RetrieveProjects
Action Parameters : System.Web.Http.Tracing.ITraceWriterExtensions+<>c__DisplayClass14_0

2019-05-09 00:25:05.5364|INFO|ProjectManager.Utils.LoggingUtility|Operation Result Format: JSON
Request ID: 8000001a-0002-fb00-b63f-84710c7967bb
Method: GET
URL: http://localhost:50830/api/task?projectId=1003
Controller : ProjectManager.Controllers.TaskController
Action : RetrieveTaskByProjectId
Action Parameters : System.Web.Http.Tracing.ITraceWriterExtensions+<>c__DisplayClass14_0

2019-05-09 00:25:05.5364|INFO|ProjectManager.Utils.LoggingUtility|Operation Result Format: JSON
Request ID: 8000001a-0002-fb00-b63f-84710c7967bb
Method: GET
URL: http://localhost:50830/api/task?projectId=1003
Controller : ProjectManager.Controllers.TaskController
Action : RetrieveTaskByProjectId
Action Parameters : System.Web.Http.Tracing.ITraceWriterExtensions+<>c__DisplayClass14_0

2019-05-09 00:25:11.4255|INFO|ProjectManager.Utils.LoggingUtility|Operation Result Format: JSON
Request ID: 8000001c-0002-fb00-b63f-84710c7967bb
Method: POST
URL: http://localhost:50830/api/task/delete
Controller : ProjectManager.Controllers.TaskController
Action : DeleteTaskDetails
Action Parameters : System.Web.Http.Tracing.ITraceWriterExtensions+<>c__DisplayClass14_0

2019-05-09 00:25:11.4255|INFO|ProjectManager.Utils.LoggingUtility|Operation Result Format: JSON
Request ID: 8000001c-0002-fb00-b63f-84710c7967bb
Method: POST
URL: http://localhost:50830/api/task/delete
Controller : ProjectManager.Controllers.TaskController
Action : DeleteTaskDetails
Action Parameters : System.Web.Http.Tracing.ITraceWriterExtensions+<>c__DisplayClass14_0

2019-05-09 00:25:11.4735|INFO|ProjectManager.Utils.LoggingUtility|Operation Result Format: JSON
Request ID: 8000001d-0002-fb00-b63f-84710c7967bb
Method: GET
URL: http://localhost:50830/api/task?projectId=1003
Controller : ProjectManager.Controllers.TaskController
Action : RetrieveTaskByProjectId
Action Parameters : System.Web.Http.Tracing.ITraceWriterExtensions+<>c__DisplayClass14_0

2019-05-09 00:25:11.4735|INFO|ProjectManager.Utils.LoggingUtility|Operation Result Format: JSON
Request ID: 8000001d-0002-fb00-b63f-84710c7967bb
Method: GET
URL: http://localhost:50830/api/task?projectId=1003
Controller : ProjectManager.Controllers.TaskController
Action : RetrieveTaskByProjectId
Action Parameters : System.Web.Http.Tracing.ITraceWriterExtensions+<>c__DisplayClass14_0

